[09:36:57] [main/INFO] (FabricLoader/GameProvider) Loading Minecraft 1.21.11 with Fabric Loader 0.18.4
[09:36:57] [main/INFO] (FabricLoader) Loading 51 mods:
	- fabric-api 0.141.1+1.21.11
	- fabric-api-base 1.0.5+4ebb5c083e
	- fabric-api-lookup-api-v1 1.6.113+1fb1cde93e
	- fabric-biome-api-v1 17.1.1+4fc5413f3e
	- fabric-block-api-v1 1.1.10+4ebb5c083e
	- fabric-block-view-api-v2 1.0.39+4ebb5c083e
	- fabric-client-gametest-api-v1 4.3.5+bfe9fcf43e
	- fabric-command-api-v2 2.4.7+6b42a6003e
	- fabric-content-registries-v0 10.2.14+4fc5413f3e
	- fabric-convention-tags-v1 2.1.55+7f945d5b3e
	- fabric-convention-tags-v2 2.17.3+8ef948ba3e
	- fabric-crash-report-info-v1 0.3.23+4ebb5c083e
	- fabric-data-attachment-api-v1 1.8.46+b6ef3aec3e
	- fabric-data-generation-api-v1 23.4.0+69974c4e3e
	- fabric-dimensions-v1 4.0.28+4fc5413f3e
	- fabric-entity-events-v1 3.1.1+1d0ab4303e
	- fabric-events-interaction-v0 4.1.0+3b89ecf63e
	- fabric-game-rule-api-v1 2.0.3+4fc5413f3e
	- fabric-gametest-api-v1 3.1.27+4fc5413f3e
	- fabric-item-api-v1 11.5.20+d0c46b9e3e
	- fabric-item-group-api-v1 4.2.36+4fc5413f3e
	- fabric-key-binding-api-v1 1.1.7+4fc5413f3e
	- fabric-lifecycle-events-v1 2.6.15+4ebb5c083e
	- fabric-loot-api-v2 3.0.73+3f89f5a53e
	- fabric-loot-api-v3 2.0.20+78c8b4663e
	- fabric-message-api-v1 6.1.12+4ebb5c083e
	- fabric-model-loading-api-v1 6.0.14+4fc5413f3e
	- fabric-networking-api-v1 5.1.5+ae1e07683e
	- fabric-object-builder-api-v1 21.1.39+4fc5413f3e
	- fabric-particles-v1 4.2.11+4fc5413f3e
	- fabric-recipe-api-v1 8.2.3+4ebb5c083e
	- fabric-registry-sync-v0 6.2.5+1718722b3e
	- fabric-renderer-api-v1 8.0.2+f4ffd2e53e
	- fabric-renderer-indigo 5.0.2+f4ffd2e53e
	- fabric-rendering-fluids-v1 3.1.43+4ebb5c083e
	- fabric-rendering-v1 16.2.9+7edacff13e
	- fabric-resource-conditions-api-v1 5.0.35+4fc5413f3e
	- fabric-resource-loader-v0 3.3.4+4fc5413f3e
	- fabric-resource-loader-v1 1.0.10+78c8b4663e
	- fabric-screen-api-v1 3.1.7+4ebb5c083e
	- fabric-screen-handler-api-v1 1.3.161+4fc5413f3e
	- fabric-serialization-api-v1 1.0.5+4ebb5c083e
	- fabric-sound-api-v1 1.0.51+4fc5413f3e
	- fabric-tag-api-v1 1.2.20+4fc5413f3e
	- fabric-transfer-api-v1 6.0.24+4fc5413f3e
	- fabric-transitive-access-wideners-v1 7.1.0+014c8cec3e
	- fabricloader 0.18.4
	- inventoryextended 1.1.1
	- java 21
	- minecraft 1.21.11
	- mixinextras 0.5.0
[09:36:57] [main/INFO] (FabricLoader/Mixin) SpongePowered MIXIN Subsystem Version=0.8.7 Source=file:/home/daniel/.gradle/caches/modules-2/files-2.1/net.fabricmc/sponge-mixin/0.17.0+mixin.0.8.7/cf31463202f72d03b0ef1e1e38e8ee71b7faaab6/sponge-mixin-0.17.0+mixin.0.8.7.jar Service=Knot/Fabric Env=CLIENT
[09:36:57] [main/INFO] (FabricLoader/Mixin) Loaded Fabric development mappings for mixin remapper!
[09:36:58] [main/INFO] (FabricLoader/Mixin) Compatibility level set to JAVA_21
[09:36:58] [main/INFO] (FabricLoader/MixinExtras|Service) Initializing MixinExtras via com.llamalad7.mixinextras.service.MixinExtrasServiceImpl(version=0.5.0).
[09:36:59] [Datafixer Bootstrap/INFO] (Minecraft) 287 Datafixer optimizations took 278 milliseconds
[09:37:01] [Render thread/INFO] (Minecraft) Environment: Environment[sessionHost=https://sessionserver.mojang.com, servicesHost=https://api.minecraftservices.com, profilesHost=https://api.mojang.com, name=PROD]
[09:37:01] [Render thread/INFO] (Minecraft) Setting user: Player367
[09:37:01] [Render thread/INFO] (inventoryextended) InventoryExtended mod initialized!
[09:37:01] [Render thread/INFO] (Indigo) [Indigo] Registering Indigo renderer!
[09:37:01] [Render thread/INFO] (Minecraft) Backend library: LWJGL version 3.3.3-snapshot
[09:37:02] [Download-2/ERROR] (Minecraft) Failed to fetch user properties
com.mojang.authlib.exceptions.InvalidCredentialsException: Status: 401
	at knot//com.mojang.authlib.exceptions.MinecraftClientHttpException.toAuthenticationException(MinecraftClientHttpException.java:59)
	at knot//com.mojang.authlib.yggdrasil.YggdrasilUserApiService.fetchProperties(YggdrasilUserApiService.java:150)
	at knot//net.minecraft.client.MinecraftClient.method_55608(MinecraftClient.java:527)
	at java.base/java.util.concurrent.CompletableFuture$AsyncSupply.run(CompletableFuture.java:1768)
	at java.base/java.util.concurrent.ThreadPoolExecutor.runWorker(ThreadPoolExecutor.java:1144)
	at java.base/java.util.concurrent.ThreadPoolExecutor$Worker.run(ThreadPoolExecutor.java:642)
	at java.base/java.lang.Thread.run(Thread.java:1583)
Caused by: com.mojang.authlib.exceptions.MinecraftClientHttpException: Status: 401
	at knot//com.mojang.authlib.minecraft.client.MinecraftClient.readInputStream(MinecraftClient.java:103)
	at knot//com.mojang.authlib.minecraft.client.MinecraftClient.get(MinecraftClient.java:56)
	at knot//com.mojang.authlib.yggdrasil.YggdrasilUserApiService.fetchProperties(YggdrasilUserApiService.java:121)
	... 5 more
[09:37:02] [Render thread/INFO] (Minecraft) Using optional rendering extensions: GL_ARB_buffer_storage, GL_KHR_debug, GL_ARB_vertex_attrib_binding, GL_ARB_direct_state_access, GL_EXT_texture_filter_anisotropic
[09:37:02] [Render thread/INFO] (Minecraft) Reloading ResourceManager: vanilla, fabric-api, fabric-api-base, fabric-api-lookup-api-v1, fabric-biome-api-v1, fabric-block-api-v1, fabric-block-view-api-v2, fabric-client-gametest-api-v1, fabric-command-api-v2, fabric-content-registries-v0, fabric-convention-tags-v1, fabric-convention-tags-v2, fabric-crash-report-info-v1, fabric-data-attachment-api-v1, fabric-data-generation-api-v1, fabric-dimensions-v1, fabric-entity-events-v1, fabric-events-interaction-v0, fabric-game-rule-api-v1, fabric-gametest-api-v1, fabric-item-api-v1, fabric-item-group-api-v1, fabric-key-binding-api-v1, fabric-lifecycle-events-v1, fabric-loot-api-v2, fabric-loot-api-v3, fabric-message-api-v1, fabric-model-loading-api-v1, fabric-networking-api-v1, fabric-object-builder-api-v1, fabric-particles-v1, fabric-recipe-api-v1, fabric-registry-sync-v0, fabric-renderer-api-v1, fabric-renderer-indigo, fabric-rendering-fluids-v1, fabric-rendering-v1, fabric-resource-conditions-api-v1, fabric-resource-loader-v0, fabric-resource-loader-v1, fabric-screen-api-v1, fabric-screen-handler-api-v1, fabric-serialization-api-v1, fabric-sound-api-v1, fabric-tag-api-v1, fabric-transfer-api-v1, fabric-transitive-access-wideners-v1, fabricloader, inventoryextended
[09:37:02] [Worker-Main-23/INFO] (Minecraft) Found unifont_pua-17.0.01.hex, loading
[09:37:02] [Worker-Main-20/INFO] (Minecraft) Found unifont_all_no_pua-17.0.01.hex, loading
[09:37:02] [Worker-Main-11/INFO] (Minecraft) Found unifont_jp_patch-17.0.01.hex, loading
[09:37:02] [Download-2/INFO] (Minecraft) Could not authorize you against Realms server: java.lang.RuntimeException: Failed to parse into SignedJWT: FabricMC
[09:37:02] [Download-2/ERROR] (Minecraft) Failed to fetch Realms feature flags
net.minecraft.client.realms.exception.RealmsServiceException: Realms authentication error with message 'java.lang.RuntimeException: Failed to parse into SignedJWT: FabricMC'
	at knot//net.minecraft.client.realms.RealmsClient.execute(RealmsClient.java:508)
	at knot//net.minecraft.client.realms.RealmsClient.fetchFeatureFlags(RealmsClient.java:159)
	at java.base/java.util.concurrent.CompletableFuture$AsyncSupply.run(CompletableFuture.java:1768)
	at java.base/java.util.concurrent.ThreadPoolExecutor.runWorker(ThreadPoolExecutor.java:1144)
	at java.base/java.util.concurrent.ThreadPoolExecutor$Worker.run(ThreadPoolExecutor.java:642)
	at java.base/java.lang.Thread.run(Thread.java:1583)
[09:37:03] [Render thread/INFO] (Minecraft) OpenAL initialized on device Ryzen HD Audio Controller Analog Stereo
[09:37:03] [Render thread/INFO] (Minecraft) Sound engine started
[09:37:03] [Render thread/INFO] (Minecraft) Created: 512x256x0 minecraft:textures/atlas/particles.png-atlas
[09:37:03] [Render thread/INFO] (Minecraft) Created: 128x128x0 minecraft:textures/atlas/decorated_pot.png-atlas
[09:37:03] [Render thread/INFO] (Minecraft) Created: 2048x1024x0 minecraft:textures/atlas/armor_trims.png-atlas
[09:37:03] [Render thread/INFO] (Minecraft) Created: 512x256x0 minecraft:textures/atlas/paintings.png-atlas
[09:37:03] [Render thread/INFO] (Minecraft) Created: 1024x512x0 minecraft:textures/atlas/shield_patterns.png-atlas
[09:37:03] [Render thread/INFO] (Minecraft) Created: 2048x2048x4 minecraft:textures/atlas/blocks.png-atlas
[09:37:03] [Render thread/INFO] (Minecraft) Created: 512x512x0 minecraft:textures/atlas/chest.png-atlas
[09:37:03] [Render thread/INFO] (Minecraft) Created: 256x128x0 minecraft:textures/atlas/celestials.png-atlas
[09:37:03] [Render thread/INFO] (Minecraft) Created: 1024x512x0 minecraft:textures/atlas/banner_patterns.png-atlas
[09:37:03] [Render thread/INFO] (Minecraft) Created: 512x512x0 minecraft:textures/atlas/beds.png-atlas
[09:37:03] [Render thread/INFO] (Minecraft) Created: 1024x512x0 minecraft:textures/atlas/items.png-atlas
[09:37:03] [Render thread/INFO] (Minecraft) Created: 1024x1024x0 minecraft:textures/atlas/gui.png-atlas
[09:37:03] [Render thread/INFO] (Minecraft) Created: 128x64x0 minecraft:textures/atlas/map_decorations.png-atlas
[09:37:03] [Render thread/INFO] (Minecraft) Created: 512x256x0 minecraft:textures/atlas/signs.png-atlas
[09:37:03] [Render thread/INFO] (Minecraft) Created: 512x512x0 minecraft:textures/atlas/shulker_boxes.png-atlas
[09:37:03] [IO-Worker-1/INFO] (Minecraft) Could not authorize you against Realms server: java.lang.RuntimeException: Failed to parse into SignedJWT: FabricMC
[09:37:03] [IO-Worker-1/ERROR] (Minecraft) Couldn't connect to realms
net.minecraft.client.realms.exception.RealmsServiceException: Realms authentication error with message 'java.lang.RuntimeException: Failed to parse into SignedJWT: FabricMC'
	at knot//net.minecraft.client.realms.RealmsClient.execute(RealmsClient.java:508)
	at knot//net.minecraft.client.realms.RealmsClient.clientCompatible(RealmsClient.java:282)
	at knot//net.minecraft.client.realms.RealmsAvailability.method_52627(RealmsAvailability.java:50)
	at java.base/java.util.concurrent.CompletableFuture$AsyncSupply.run(CompletableFuture.java:1768)
	at java.base/java.util.concurrent.ThreadPoolExecutor.runWorker(ThreadPoolExecutor.java:1144)
	at java.base/java.util.concurrent.ThreadPoolExecutor$Worker.run(ThreadPoolExecutor.java:642)
	at java.base/java.lang.Thread.run(Thread.java:1583)
[09:37:07] [Render thread/INFO] (Minecraft) Loaded 1470 recipes
[09:37:07] [Render thread/INFO] (Minecraft) Loaded 1584 advancements
[09:37:07] [Render thread/INFO] (BiomeModificationImpl) Applied 0 biome modifications to 0 of 65 new biomes in 481.0 μs
[09:37:07] [Server thread/INFO] (Minecraft) Starting integrated minecraft server version 1.21.11
[09:37:07] [Server thread/INFO] (Minecraft) Generating keypair
[09:37:07] [Server thread/INFO] (Minecraft) Loading 0 persistent chunks...
[09:37:07] [Server thread/INFO] (Minecraft) Preparing spawn area: 16%
[09:37:08] [Server thread/INFO] (Minecraft) Loading 49 chunks for player spawn...
[09:37:08] [Server thread/INFO] (Minecraft) Preparing spawn area: 16%
[09:37:08] [Server thread/INFO] (Minecraft) Time elapsed: 861 ms
[09:37:08] [Server thread/INFO] (Minecraft) Player367[local:E:33feb15e] logged in with entity id 72 at (-9.166400332423219, 70.375, -36.10600799116207)
[09:37:08] [Server thread/INFO] (Minecraft) Player367 joined the game
[09:37:08] [Server thread/INFO] (Minecraft) Player367 has made the advancement [Suit Up]
[09:37:08] [Server thread/INFO] (Minecraft) Changing view distance to 16, from 10
[09:37:08] [Server thread/INFO] (Minecraft) Changing simulation distance to 12, from 0
[09:37:08] [Render thread/INFO] (Minecraft) [System] [CHAT] Player367 has made the advancement [Suit Up]
[09:37:08] [Render thread/INFO] (Minecraft) Loaded 10 advancements
[09:37:08] [Render thread/INFO] (Minecraft) Resizing Dynamic Transforms UBO, capacity limit of 2 reached during a single frame. New capacity will be 4.
[09:37:08] [Render thread/INFO] (Minecraft) Resizing Dynamic Transforms UBO, capacity limit of 4 reached during a single frame. New capacity will be 8.
[09:37:09] [Render thread/INFO] (Minecraft) Resizing Chunk Sections UBO, capacity limit of 2 reached during a single frame. New capacity will be 4.
[09:37:09] [Render thread/INFO] (Minecraft) Resizing Chunk Sections UBO, capacity limit of 4 reached during a single frame. New capacity will be 8.
[09:37:09] [Render thread/INFO] (Minecraft) Resizing Chunk Sections UBO, capacity limit of 8 reached during a single frame. New capacity will be 16.
[09:37:09] [Render thread/INFO] (Minecraft) Resizing Chunk Sections UBO, capacity limit of 16 reached during a single frame. New capacity will be 32.
[09:37:09] [Render thread/INFO] (Minecraft) Resizing Chunk Sections UBO, capacity limit of 32 reached during a single frame. New capacity will be 64.
[09:37:09] [Render thread/INFO] (Minecraft) Resizing Chunk Sections UBO, capacity limit of 64 reached during a single frame. New capacity will be 128.
[09:37:09] [Render thread/INFO] (Minecraft) Resizing Chunk Sections UBO, capacity limit of 128 reached during a single frame. New capacity will be 256.
[09:37:10] [Render thread/INFO] (Minecraft) Resizing Chunk Sections UBO, capacity limit of 256 reached during a single frame. New capacity will be 512.
[09:37:11] [Render thread/INFO] (Minecraft) Resizing Chunk Sections UBO, capacity limit of 512 reached during a single frame. New capacity will be 1024.
[09:37:32] [Render thread/INFO] (Minecraft) Loaded 12 advancements
[09:37:33] [Render thread/INFO] (Minecraft) Loaded 13 advancements
[09:37:37] [Render thread/INFO] (Minecraft) Loaded 17 advancements
[09:37:41] [Render thread/INFO] (Minecraft) Loaded 18 advancements
[09:37:53] [Server thread/INFO] (Minecraft) Saving and pausing game...
[09:37:53] [Server thread/INFO] (Minecraft) Saving chunks for level 'ServerLevel[New World]'/minecraft:overworld
[09:37:53] [Server thread/INFO] (Minecraft) Saving chunks for level 'ServerLevel[New World]'/minecraft:the_end
[09:37:53] [Server thread/INFO] (Minecraft) Saving chunks for level 'ServerLevel[New World]'/minecraft:the_nether
[09:37:54] [Server thread/INFO] (Minecraft) Player367 lost connection: Disconnected
[09:37:54] [Server thread/INFO] (Minecraft) Player367 left the game
[09:37:54] [Server thread/INFO] (Minecraft) Stopping singleplayer server as player logged out
[09:37:54] [Server thread/INFO] (Minecraft) Stopping server
[09:37:54] [Server thread/INFO] (Minecraft) Saving players
[09:37:54] [Server thread/INFO] (Minecraft) Saving worlds
[09:37:54] [Server thread/INFO] (Minecraft) Saving chunks for level 'ServerLevel[New World]'/minecraft:overworld
[09:37:54] [Server thread/INFO] (Minecraft) Saving chunks for level 'ServerLevel[New World]'/minecraft:the_end
[09:37:54] [Server thread/INFO] (Minecraft) Saving chunks for level 'ServerLevel[New World]'/minecraft:the_nether
[09:37:54] [Server thread/INFO] (Minecraft) ThreadedAnvilChunkStorage (New World (1)): All chunks are saved
[09:37:54] [Server thread/INFO] (Minecraft) ThreadedAnvilChunkStorage (DIM1): All chunks are saved
[09:37:54] [Server thread/INFO] (Minecraft) ThreadedAnvilChunkStorage (DIM-1): All chunks are saved
[09:37:54] [Server thread/INFO] (Minecraft) ThreadedAnvilChunkStorage: All dimensions are saved
[09:37:55] [Render thread/INFO] (Minecraft) Loaded 1470 recipes
[09:37:55] [Render thread/INFO] (Minecraft) Loaded 1584 advancements
[09:37:55] [Render thread/INFO] (BiomeModificationImpl) Applied 0 biome modifications to 0 of 65 new biomes in 250.8 μs
[09:37:55] [Server thread/INFO] (Minecraft) Starting integrated minecraft server version 1.21.11
[09:37:55] [Server thread/INFO] (Minecraft) Generating keypair
[09:37:55] [Server thread/INFO] (Minecraft) Loading 0 persistent chunks...
[09:37:55] [Server thread/INFO] (Minecraft) Preparing spawn area: 16%
[09:37:55] [Server thread/INFO] (Minecraft) Loading 49 chunks for player spawn...
[09:37:56] [Server thread/INFO] (Minecraft) Time elapsed: 411 ms
[09:37:56] [Server thread/INFO] (Minecraft) Player367[local:E:abad2059] logged in with entity id 950 at (-14.73293689488068, 70.0, -39.9310599282252)
[09:37:56] [Server thread/INFO] (Minecraft) Player367 joined the game
[09:37:56] [Server thread/INFO] (Minecraft) Changing view distance to 16, from 10
[09:37:56] [Server thread/INFO] (Minecraft) Changing simulation distance to 12, from 0
[09:37:56] [Render thread/INFO] (Minecraft) Loaded 18 advancements
[09:37:56] [Render thread/WARN] (Minecraft) Received passengers for unknown entity
[09:38:10] [Render thread/INFO] (Minecraft) Resizing Dynamic Transforms UBO, capacity limit of 8 reached during a single frame. New capacity will be 16.
[09:38:15] [Server thread/INFO] (Minecraft) Saving and pausing game...
[09:38:15] [Server thread/INFO] (Minecraft) Saving chunks for level 'ServerLevel[New World]'/minecraft:overworld
[09:38:15] [Server thread/INFO] (Minecraft) Saving chunks for level 'ServerLevel[New World]'/minecraft:the_end
[09:38:15] [Server thread/INFO] (Minecraft) Saving chunks for level 'ServerLevel[New World]'/minecraft:the_nether
[09:38:15] [Server thread/INFO] (Minecraft) Player367 lost connection: Disconnected
[09:38:15] [Server thread/INFO] (Minecraft) Player367 left the game
[09:38:15] [Server thread/INFO] (Minecraft) Stopping singleplayer server as player logged out
[09:38:15] [Server thread/INFO] (Minecraft) Stopping server
[09:38:15] [Server thread/INFO] (Minecraft) Saving players
[09:38:15] [Server thread/INFO] (Minecraft) Saving worlds
[09:38:15] [Server thread/INFO] (Minecraft) Saving chunks for level 'ServerLevel[New World]'/minecraft:overworld
[09:38:15] [Server thread/INFO] (Minecraft) Saving chunks for level 'ServerLevel[New World]'/minecraft:the_end
[09:38:15] [Server thread/INFO] (Minecraft) Saving chunks for level 'ServerLevel[New World]'/minecraft:the_nether
[09:38:15] [Server thread/INFO] (Minecraft) ThreadedAnvilChunkStorage (New World (1)): All chunks are saved
[09:38:15] [Server thread/INFO] (Minecraft) ThreadedAnvilChunkStorage (DIM1): All chunks are saved
[09:38:15] [Server thread/INFO] (Minecraft) ThreadedAnvilChunkStorage (DIM-1): All chunks are saved
[09:38:15] [Server thread/INFO] (Minecraft) ThreadedAnvilChunkStorage: All dimensions are saved
[09:38:16] [Render thread/INFO] (Minecraft) Loaded 1470 recipes
[09:38:16] [Render thread/INFO] (Minecraft) Loaded 1584 advancements
[09:38:16] [Render thread/INFO] (BiomeModificationImpl) Applied 0 biome modifications to 0 of 65 new biomes in 113.6 μs
[09:38:16] [Server thread/INFO] (Minecraft) Starting integrated minecraft server version 1.21.11
[09:38:16] [Server thread/INFO] (Minecraft) Generating keypair
[09:38:16] [Server thread/INFO] (Minecraft) Loading 0 persistent chunks...
[09:38:16] [Server thread/INFO] (Minecraft) Loading 49 chunks for player spawn...
[09:38:16] [Server thread/INFO] (Minecraft) Preparing spawn area: 16%
[09:38:17] [Server thread/INFO] (Minecraft) Time elapsed: 215 ms
[09:38:17] [Server thread/INFO] (Minecraft) Player367[local:E:20c7d8f2] logged in with entity id 1706 at (-15.46391731619054, 71.0, -23.301399182431595)
[09:38:17] [Server thread/INFO] (Minecraft) Player367 joined the game
[09:38:17] [Server thread/INFO] (Minecraft) Changing view distance to 16, from 10
[09:38:17] [Server thread/INFO] (Minecraft) Changing simulation distance to 12, from 0
[09:38:17] [Render thread/INFO] (Minecraft) Loaded 18 advancements
[09:38:21] [Server thread/INFO] (Minecraft) Saving and pausing game...
[09:38:21] [Server thread/INFO] (Minecraft) Saving chunks for level 'ServerLevel[New World]'/minecraft:overworld
[09:38:21] [Server thread/INFO] (Minecraft) Saving chunks for level 'ServerLevel[New World]'/minecraft:the_end
[09:38:21] [Server thread/INFO] (Minecraft) Saving chunks for level 'ServerLevel[New World]'/minecraft:the_nether
[09:38:22] [Server thread/INFO] (Minecraft) Player367 lost connection: Disconnected
[09:38:22] [Server thread/INFO] (Minecraft) Player367 left the game
[09:38:22] [Server thread/INFO] (Minecraft) Stopping singleplayer server as player logged out
[09:38:22] [Server thread/INFO] (Minecraft) Stopping server
[09:38:22] [Server thread/INFO] (Minecraft) Saving players
[09:38:22] [Server thread/INFO] (Minecraft) Saving worlds
[09:38:22] [Server thread/INFO] (Minecraft) Saving chunks for level 'ServerLevel[New World]'/minecraft:overworld
[09:38:22] [Server thread/INFO] (Minecraft) Saving chunks for level 'ServerLevel[New World]'/minecraft:the_end
[09:38:22] [Server thread/INFO] (Minecraft) Saving chunks for level 'ServerLevel[New World]'/minecraft:the_nether
[09:38:22] [Server thread/INFO] (Minecraft) ThreadedAnvilChunkStorage (New World (1)): All chunks are saved
[09:38:22] [Server thread/INFO] (Minecraft) ThreadedAnvilChunkStorage (DIM1): All chunks are saved
[09:38:22] [Server thread/INFO] (Minecraft) ThreadedAnvilChunkStorage (DIM-1): All chunks are saved
[09:38:22] [Server thread/INFO] (Minecraft) ThreadedAnvilChunkStorage: All dimensions are saved
[09:38:23] [Render thread/INFO] (Minecraft) Loaded 1470 recipes
[09:38:23] [Render thread/INFO] (Minecraft) Loaded 1584 advancements
[09:38:23] [Render thread/INFO] (BiomeModificationImpl) Applied 0 biome modifications to 0 of 65 new biomes in 142.2 μs
[09:38:23] [Server thread/INFO] (Minecraft) Starting integrated minecraft server version 1.21.11
[09:38:23] [Server thread/INFO] (Minecraft) Generating keypair
[09:38:23] [Server thread/INFO] (Minecraft) Loading 0 persistent chunks...
[09:38:23] [Server thread/INFO] (Minecraft) Loading 49 chunks for player spawn...
[09:38:23] [Server thread/INFO] (Minecraft) Preparing spawn area: 16%
[09:38:23] [Server thread/INFO] (Minecraft) Time elapsed: 261 ms
[09:38:23] [Server thread/INFO] (Minecraft) Player367[local:E:3ba4dba5] logged in with entity id 2417 at (-15.46391731619054, 71.0, -23.301399182431595)
[09:38:23] [Server thread/INFO] (Minecraft) Player367 joined the game
[09:38:23] [Server thread/INFO] (Minecraft) Changing view distance to 16, from 10
[09:38:23] [Server thread/INFO] (Minecraft) Changing simulation distance to 12, from 0
[09:38:23] [Render thread/INFO] (Minecraft) Loaded 18 advancements
[09:38:27] [Server thread/INFO] (Minecraft) Saving and pausing game...
[09:38:27] [Server thread/INFO] (Minecraft) Saving chunks for level 'ServerLevel[New World]'/minecraft:overworld
[09:38:27] [Server thread/INFO] (Minecraft) Saving chunks for level 'ServerLevel[New World]'/minecraft:the_end
[09:38:27] [Server thread/INFO] (Minecraft) Saving chunks for level 'ServerLevel[New World]'/minecraft:the_nether
[09:38:27] [Server thread/INFO] (Minecraft) Player367 lost connection: Disconnected
[09:38:27] [Server thread/INFO] (Minecraft) Player367 left the game
[09:38:27] [Server thread/INFO] (Minecraft) Stopping singleplayer server as player logged out
[09:38:27] [Server thread/INFO] (Minecraft) Stopping server
[09:38:27] [Server thread/INFO] (Minecraft) Saving players
[09:38:27] [Server thread/INFO] (Minecraft) Saving worlds
[09:38:27] [Server thread/INFO] (Minecraft) Saving chunks for level 'ServerLevel[New World]'/minecraft:overworld
[09:38:27] [Server thread/INFO] (Minecraft) Saving chunks for level 'ServerLevel[New World]'/minecraft:the_end
[09:38:27] [Server thread/INFO] (Minecraft) Saving chunks for level 'ServerLevel[New World]'/minecraft:the_nether
[09:38:27] [Server thread/INFO] (Minecraft) ThreadedAnvilChunkStorage (New World (1)): All chunks are saved
[09:38:27] [Server thread/INFO] (Minecraft) ThreadedAnvilChunkStorage (DIM1): All chunks are saved
[09:38:27] [Server thread/INFO] (Minecraft) ThreadedAnvilChunkStorage (DIM-1): All chunks are saved
[09:38:27] [Server thread/INFO] (Minecraft) ThreadedAnvilChunkStorage: All dimensions are saved
[09:38:29] [Render thread/INFO] (Minecraft) Loaded 1470 recipes
[09:38:29] [Render thread/INFO] (Minecraft) Loaded 1584 advancements
[09:38:29] [Render thread/INFO] (BiomeModificationImpl) Applied 0 biome modifications to 0 of 65 new biomes in 164.0 μs
[09:38:29] [Server thread/INFO] (Minecraft) Starting integrated minecraft server version 1.21.11
[09:38:29] [Server thread/INFO] (Minecraft) Generating keypair
[09:38:29] [Server thread/INFO] (Minecraft) Loading 0 persistent chunks...
[09:38:29] [Server thread/INFO] (Minecraft) Loading 49 chunks for player spawn...
[09:38:29] [Server thread/INFO] (Minecraft) Preparing spawn area: 16%
[09:38:29] [Server thread/INFO] (Minecraft) Time elapsed: 260 ms
[09:38:30] [Server thread/INFO] (Minecraft) Player367[local:E:b37c3252] logged in with entity id 3160 at (-15.46391731619054, 71.0, -23.301399182431595)
[09:38:30] [Server thread/INFO] (Minecraft) Player367 joined the game
[09:38:30] [Server thread/INFO] (Minecraft) Changing view distance to 16, from 10
[09:38:30] [Server thread/INFO] (Minecraft) Changing simulation distance to 12, from 0
[09:38:30] [Render thread/INFO] (Minecraft) Loaded 18 advancements
[09:38:46] [Server thread/INFO] (Minecraft) Saving and pausing game...
[09:38:46] [Server thread/INFO] (Minecraft) Saving chunks for level 'ServerLevel[New World]'/minecraft:overworld
[09:38:46] [Server thread/INFO] (Minecraft) Saving chunks for level 'ServerLevel[New World]'/minecraft:the_end
[09:38:46] [Server thread/INFO] (Minecraft) Saving chunks for level 'ServerLevel[New World]'/minecraft:the_nether
[09:38:46] [Server thread/INFO] (Minecraft) Player367 lost connection: Disconnected
[09:38:46] [Server thread/INFO] (Minecraft) Player367 left the game
[09:38:46] [Server thread/INFO] (Minecraft) Stopping singleplayer server as player logged out
[09:38:46] [Server thread/INFO] (Minecraft) Stopping server
[09:38:46] [Server thread/INFO] (Minecraft) Saving players
[09:38:46] [Server thread/INFO] (Minecraft) Saving worlds
[09:38:46] [Server thread/INFO] (Minecraft) Saving chunks for level 'ServerLevel[New World]'/minecraft:overworld
[09:38:46] [Server thread/INFO] (Minecraft) Saving chunks for level 'ServerLevel[New World]'/minecraft:the_end
[09:38:46] [Server thread/INFO] (Minecraft) Saving chunks for level 'ServerLevel[New World]'/minecraft:the_nether
[09:38:46] [Server thread/INFO] (Minecraft) ThreadedAnvilChunkStorage (New World (1)): All chunks are saved
[09:38:46] [Server thread/INFO] (Minecraft) ThreadedAnvilChunkStorage (DIM1): All chunks are saved
[09:38:46] [Server thread/INFO] (Minecraft) ThreadedAnvilChunkStorage (DIM-1): All chunks are saved
[09:38:46] [Server thread/INFO] (Minecraft) ThreadedAnvilChunkStorage: All dimensions are saved
[09:38:48] [Render thread/INFO] (Minecraft) Loaded 1470 recipes
[09:38:48] [Render thread/INFO] (Minecraft) Loaded 1584 advancements
[09:38:48] [Render thread/INFO] (BiomeModificationImpl) Applied 0 biome modifications to 0 of 65 new biomes in 145.9 μs
[09:38:48] [Server thread/INFO] (Minecraft) Starting integrated minecraft server version 1.21.11
[09:38:48] [Server thread/INFO] (Minecraft) Generating keypair
[09:38:48] [Server thread/INFO] (Minecraft) Loading 0 persistent chunks...
[09:38:48] [Server thread/INFO] (Minecraft) Loading 49 chunks for player spawn...
[09:38:48] [Server thread/INFO] (Minecraft) Preparing spawn area: 16%
[09:38:48] [Server thread/INFO] (Minecraft) Time elapsed: 261 ms
[09:38:48] [Server thread/INFO] (Minecraft) Player367[local:E:45d70eae] logged in with entity id 3925 at (-26.346987648904026, 71.0, -16.285181340746817)
[09:38:48] [Server thread/INFO] (Minecraft) Player367 joined the game
[09:38:48] [Server thread/INFO] (Minecraft) Changing view distance to 16, from 10
[09:38:48] [Server thread/INFO] (Minecraft) Changing simulation distance to 12, from 0
[09:38:48] [Render thread/INFO] (Minecraft) Loaded 18 advancements
[09:39:06] [Render thread/INFO] (Minecraft) Loaded 19 advancements
[09:39:15] [Render thread/INFO] (Minecraft) Loaded 19 advancements
[09:39:46] [Render thread/INFO] (Minecraft) Loaded 22 advancements
[09:40:02] [Render thread/INFO] (Minecraft) Loaded 33 advancements
[09:40:48] [Render thread/INFO] (Minecraft) Resizing Chunk Sections UBO, capacity limit of 1024 reached during a single frame. New capacity will be 2048.
[09:41:00] [Server thread/INFO] (Minecraft) Saving and pausing game...
[09:41:00] [Server thread/INFO] (Minecraft) Saving chunks for level 'ServerLevel[New World]'/minecraft:overworld
[09:41:00] [Server thread/INFO] (Minecraft) Saving chunks for level 'ServerLevel[New World]'/minecraft:the_end
[09:41:00] [Server thread/INFO] (Minecraft) Saving chunks for level 'ServerLevel[New World]'/minecraft:the_nether
[09:41:00] [Server thread/INFO] (Minecraft) Player367 lost connection: Disconnected
[09:41:00] [Server thread/INFO] (Minecraft) Player367 left the game
[09:41:00] [Server thread/INFO] (Minecraft) Stopping singleplayer server as player logged out
[09:41:00] [Server thread/INFO] (Minecraft) Stopping server
[09:41:00] [Server thread/INFO] (Minecraft) Saving players
[09:41:00] [Server thread/INFO] (Minecraft) Saving worlds
[09:41:00] [Server thread/INFO] (Minecraft) Saving chunks for level 'ServerLevel[New World]'/minecraft:overworld
[09:41:00] [Server thread/INFO] (Minecraft) Saving chunks for level 'ServerLevel[New World]'/minecraft:the_end
[09:41:00] [Server thread/INFO] (Minecraft) Saving chunks for level 'ServerLevel[New World]'/minecraft:the_nether
[09:41:00] [Server thread/INFO] (Minecraft) ThreadedAnvilChunkStorage (New World (1)): All chunks are saved
[09:41:00] [Server thread/INFO] (Minecraft) ThreadedAnvilChunkStorage (DIM1): All chunks are saved
[09:41:00] [Server thread/INFO] (Minecraft) ThreadedAnvilChunkStorage (DIM-1): All chunks are saved
[09:41:00] [Server thread/INFO] (Minecraft) ThreadedAnvilChunkStorage: All dimensions are saved
[09:41:00] [Render thread/INFO] (Minecraft) Stopping!
